<?xml version="1.0" encoding="UTF-8"?>
<coverage generated="1556467223061" clover="3.2.0">
  <project timestamp="1556467223061" name="All files">
    <metrics statements="85" coveredstatements="76" conditionals="72" coveredconditionals="64" methods="32" coveredmethods="17" elements="189" coveredelements="157" complexity="0" loc="85" ncloc="85" packages="1" files="3" classes="3"/>
    <file name="error.js" path="/Users/jonathanlorimer/Documents/coding_files/safeword-ts/src/lib/error.js">
      <metrics statements="19" coveredstatements="14" conditionals="0" coveredconditionals="0" methods="9" coveredmethods="4"/>
      <line num="2" count="1" type="stmt"/>
      <line num="5" count="0" type="stmt"/>
      <line num="8" count="1" type="stmt"/>
      <line num="11" count="104" type="stmt"/>
      <line num="14" count="1" type="stmt"/>
      <line num="17" count="2" type="stmt"/>
      <line num="20" count="1" type="stmt"/>
      <line num="23" count="0" type="stmt"/>
      <line num="26" count="1" type="stmt"/>
      <line num="29" count="0" type="stmt"/>
      <line num="32" count="1" type="stmt"/>
      <line num="35" count="0" type="stmt"/>
      <line num="38" count="1" type="stmt"/>
      <line num="41" count="4" type="stmt"/>
      <line num="44" count="1" type="stmt"/>
      <line num="47" count="0" type="stmt"/>
      <line num="50" count="1" type="stmt"/>
      <line num="53" count="24" type="stmt"/>
      <line num="56" count="1" type="stmt"/>
    </file>
    <file name="helpers.js" path="/Users/jonathanlorimer/Documents/coding_files/safeword-ts/src/lib/helpers.js">
      <metrics statements="61" coveredstatements="57" conditionals="68" coveredconditionals="64" methods="17" coveredmethods="9"/>
      <line num="2" count="1" type="stmt"/>
      <line num="3" count="1" type="stmt"/>
      <line num="4" count="1" type="stmt"/>
      <line num="5" count="1" type="stmt"/>
      <line num="9" count="1" type="stmt"/>
      <line num="10" count="6" type="cond" truecount="4" falsecount="0"/>
      <line num="11" count="1" type="stmt"/>
      <line num="13" count="5" type="cond" truecount="4" falsecount="0"/>
      <line num="14" count="1" type="stmt"/>
      <line num="16" count="4" type="stmt"/>
      <line num="18" count="1" type="stmt"/>
      <line num="19" count="1" type="stmt"/>
      <line num="20" count="4" type="cond" truecount="4" falsecount="0"/>
      <line num="21" count="2" type="stmt"/>
      <line num="23" count="2" type="stmt"/>
      <line num="25" count="1" type="stmt"/>
      <line num="26" count="104" type="cond" truecount="2" falsecount="0"/>
      <line num="29" count="1" type="stmt"/>
      <line num="30" count="3" type="cond" truecount="2" falsecount="0"/>
      <line num="31" count="1" type="stmt"/>
      <line num="32" count="24" type="stmt"/>
      <line num="33" count="24" type="stmt"/>
      <line num="38" count="24" type="stmt"/>
      <line num="40" count="1" type="stmt"/>
      <line num="41" count="1" type="stmt"/>
      <line num="45" count="1" type="stmt"/>
      <line num="47" count="0" type="stmt"/>
      <line num="51" count="1" type="stmt"/>
      <line num="52" count="0" type="cond" truecount="0" falsecount="2"/>
      <line num="53" count="0" type="stmt"/>
      <line num="55" count="0" type="stmt"/>
      <line num="57" count="1" type="cond" truecount="0" falsecount="2"/>
      <line num="58" count="1" type="stmt"/>
      <line num="59" count="1" type="stmt"/>
      <line num="60" count="1" type="stmt"/>
      <line num="61" count="24" type="stmt"/>
      <line num="62" count="24" type="cond" truecount="4" falsecount="0"/>
      <line num="63" count="1" type="stmt"/>
      <line num="64" count="23" type="cond" truecount="4" falsecount="0"/>
      <line num="65" count="1" type="stmt"/>
      <line num="66" count="22" type="cond" truecount="4" falsecount="0"/>
      <line num="67" count="1" type="stmt"/>
      <line num="68" count="21" type="cond" truecount="4" falsecount="0"/>
      <line num="69" count="1" type="stmt"/>
      <line num="70" count="20" type="cond" truecount="4" falsecount="0"/>
      <line num="71" count="1" type="stmt"/>
      <line num="72" count="19" type="cond" truecount="4" falsecount="0"/>
      <line num="73" count="1" type="stmt"/>
      <line num="74" count="18" type="cond" truecount="4" falsecount="0"/>
      <line num="75" count="1" type="stmt"/>
      <line num="76" count="17" type="cond" truecount="4" falsecount="0"/>
      <line num="77" count="1" type="stmt"/>
      <line num="78" count="16" type="cond" truecount="4" falsecount="0"/>
      <line num="79" count="1" type="stmt"/>
      <line num="80" count="15" type="cond" truecount="4" falsecount="0"/>
      <line num="81" count="1" type="stmt"/>
      <line num="82" count="14" type="cond" truecount="4" falsecount="0"/>
      <line num="83" count="1" type="stmt"/>
      <line num="84" count="13" type="cond" truecount="4" falsecount="0"/>
      <line num="85" count="1" type="stmt"/>
      <line num="86" count="12" type="stmt"/>
    </file>
    <file name="types.js" path="/Users/jonathanlorimer/Documents/coding_files/safeword-ts/src/lib/types.js">
      <metrics statements="5" coveredstatements="5" conditionals="4" coveredconditionals="0" methods="6" coveredmethods="4"/>
      <line num="2" count="1" type="stmt"/>
      <line num="3" count="134" type="stmt"/>
      <line num="7" count="140" type="stmt"/>
      <line num="11" count="2" type="cond" truecount="0" falsecount="2"/>
      <line num="12" count="2" type="cond" truecount="0" falsecount="2"/>
    </file>
  </project>
</coverage>
