{"/Users/jonathanlorimer/Documents/coding_files/safeword-ts/src/lib/error.js": {"path":"/Users/jonathanlorimer/Documents/coding_files/safeword-ts/src/lib/error.js","statementMap":{"0":{"start":{"line":2,"column":0},"end":{"line":2,"column":62}},"1":{"start":{"line":5,"column":8},"end":{"line":5,"column":54}},"2":{"start":{"line":8,"column":0},"end":{"line":8,"column":54}},"3":{"start":{"line":11,"column":8},"end":{"line":11,"column":90}},"4":{"start":{"line":14,"column":0},"end":{"line":14,"column":44}},"5":{"start":{"line":17,"column":8},"end":{"line":17,"column":61}},"6":{"start":{"line":20,"column":0},"end":{"line":20,"column":54}},"7":{"start":{"line":23,"column":8},"end":{"line":23,"column":105}},"8":{"start":{"line":26,"column":0},"end":{"line":26,"column":38}},"9":{"start":{"line":29,"column":8},"end":{"line":29,"column":106}},"10":{"start":{"line":32,"column":0},"end":{"line":32,"column":40}},"11":{"start":{"line":35,"column":8},"end":{"line":35,"column":128}},"12":{"start":{"line":38,"column":0},"end":{"line":38,"column":54}},"13":{"start":{"line":41,"column":8},"end":{"line":41,"column":57}},"14":{"start":{"line":44,"column":0},"end":{"line":44,"column":72}},"15":{"start":{"line":47,"column":8},"end":{"line":47,"column":35}},"16":{"start":{"line":50,"column":0},"end":{"line":50,"column":50}},"17":{"start":{"line":53,"column":8},"end":{"line":53,"column":100}},"18":{"start":{"line":56,"column":0},"end":{"line":56,"column":56}}},"fnMap":{"0":{"name":"(anonymous_0)","decl":{"start":{"line":4,"column":4},"end":{"line":4,"column":5}},"loc":{"start":{"line":4,"column":18},"end":{"line":6,"column":5}},"line":4},"1":{"name":"(anonymous_1)","decl":{"start":{"line":10,"column":4},"end":{"line":10,"column":5}},"loc":{"start":{"line":10,"column":42},"end":{"line":12,"column":5}},"line":10},"2":{"name":"(anonymous_2)","decl":{"start":{"line":16,"column":4},"end":{"line":16,"column":5}},"loc":{"start":{"line":16,"column":18},"end":{"line":18,"column":5}},"line":16},"3":{"name":"(anonymous_3)","decl":{"start":{"line":22,"column":4},"end":{"line":22,"column":5}},"loc":{"start":{"line":22,"column":48},"end":{"line":24,"column":5}},"line":22},"4":{"name":"(anonymous_4)","decl":{"start":{"line":28,"column":4},"end":{"line":28,"column":5}},"loc":{"start":{"line":28,"column":48},"end":{"line":30,"column":5}},"line":28},"5":{"name":"(anonymous_5)","decl":{"start":{"line":34,"column":4},"end":{"line":34,"column":5}},"loc":{"start":{"line":34,"column":41},"end":{"line":36,"column":5}},"line":34},"6":{"name":"(anonymous_6)","decl":{"start":{"line":40,"column":4},"end":{"line":40,"column":5}},"loc":{"start":{"line":40,"column":18},"end":{"line":42,"column":5}},"line":40},"7":{"name":"(anonymous_7)","decl":{"start":{"line":46,"column":4},"end":{"line":46,"column":5}},"loc":{"start":{"line":46,"column":18},"end":{"line":48,"column":5}},"line":46},"8":{"name":"(anonymous_8)","decl":{"start":{"line":52,"column":4},"end":{"line":52,"column":5}},"loc":{"start":{"line":52,"column":38},"end":{"line":54,"column":5}},"line":52}},"branchMap":{},"s":{"0":1,"1":0,"2":1,"3":104,"4":1,"5":2,"6":1,"7":0,"8":1,"9":0,"10":1,"11":0,"12":1,"13":4,"14":1,"15":0,"16":1,"17":24,"18":1},"f":{"0":0,"1":104,"2":2,"3":0,"4":0,"5":0,"6":4,"7":0,"8":24},"b":{},"_coverageSchema":"43e27e138ebf9cfc5966b082cf9a028302ed4184","hash":"f5bee8ff35ba9e0dbe3a353363a084287f718401"}
,"/Users/jonathanlorimer/Documents/coding_files/safeword-ts/src/lib/helpers.js": {"path":"/Users/jonathanlorimer/Documents/coding_files/safeword-ts/src/lib/helpers.js","statementMap":{"0":{"start":{"line":2,"column":0},"end":{"line":2,"column":62}},"1":{"start":{"line":3,"column":16},"end":{"line":3,"column":32}},"2":{"start":{"line":4,"column":16},"end":{"line":4,"column":34}},"3":{"start":{"line":5,"column":16},"end":{"line":5,"column":34}},"4":{"start":{"line":9,"column":0},"end":{"line":17,"column":2}},"5":{"start":{"line":10,"column":4},"end":{"line":12,"column":5}},"6":{"start":{"line":11,"column":8},"end":{"line":11,"column":80}},"7":{"start":{"line":13,"column":4},"end":{"line":15,"column":5}},"8":{"start":{"line":14,"column":8},"end":{"line":14,"column":80}},"9":{"start":{"line":16,"column":4},"end":{"line":16,"column":29}},"10":{"start":{"line":18,"column":37},"end":{"line":18,"column":87}},"11":{"start":{"line":19,"column":0},"end":{"line":24,"column":2}},"12":{"start":{"line":20,"column":4},"end":{"line":22,"column":5}},"13":{"start":{"line":21,"column":8},"end":{"line":21,"column":41}},"14":{"start":{"line":23,"column":4},"end":{"line":23,"column":17}},"15":{"start":{"line":25,"column":30},"end":{"line":25,"column":73}},"16":{"start":{"line":26,"column":0},"end":{"line":28,"column":24}},"17":{"start":{"line":26,"column":36},"end":{"line":28,"column":23}},"18":{"start":{"line":26,"column":45},"end":{"line":28,"column":23}},"19":{"start":{"line":29,"column":33},"end":{"line":29,"column":97}},"20":{"start":{"line":29,"column":44},"end":{"line":29,"column":97}},"21":{"start":{"line":30,"column":0},"end":{"line":30,"column":123}},"22":{"start":{"line":30,"column":33},"end":{"line":30,"column":122}},"23":{"start":{"line":31,"column":32},"end":{"line":31,"column":77}},"24":{"start":{"line":32,"column":0},"end":{"line":39,"column":2}},"25":{"start":{"line":32,"column":39},"end":{"line":39,"column":1}},"26":{"start":{"line":32,"column":50},"end":{"line":39,"column":1}},"27":{"start":{"line":33,"column":16},"end":{"line":37,"column":5}},"28":{"start":{"line":38,"column":4},"end":{"line":38,"column":42}},"29":{"start":{"line":40,"column":32},"end":{"line":40,"column":105}},"30":{"start":{"line":40,"column":43},"end":{"line":40,"column":105}},"31":{"start":{"line":41,"column":31},"end":{"line":41,"column":103}},"32":{"start":{"line":41,"column":42},"end":{"line":41,"column":103}},"33":{"start":{"line":45,"column":0},"end":{"line":47,"column":163}},"34":{"start":{"line":45,"column":41},"end":{"line":47,"column":162}},"35":{"start":{"line":47,"column":0},"end":{"line":47,"column":162}},"36":{"start":{"line":51,"column":0},"end":{"line":56,"column":2}},"37":{"start":{"line":52,"column":4},"end":{"line":55,"column":38}},"38":{"start":{"line":53,"column":8},"end":{"line":53,"column":31}},"39":{"start":{"line":55,"column":8},"end":{"line":55,"column":38}},"40":{"start":{"line":57,"column":0},"end":{"line":57,"column":110}},"41":{"start":{"line":57,"column":44},"end":{"line":57,"column":109}},"42":{"start":{"line":58,"column":0},"end":{"line":58,"column":37}},"43":{"start":{"line":58,"column":29},"end":{"line":58,"column":36}},"44":{"start":{"line":59,"column":0},"end":{"line":59,"column":70}},"45":{"start":{"line":60,"column":0},"end":{"line":87,"column":2}},"46":{"start":{"line":61,"column":37},"end":{"line":61,"column":40}},"47":{"start":{"line":62,"column":4},"end":{"line":63,"column":33}},"48":{"start":{"line":63,"column":8},"end":{"line":63,"column":33}},"49":{"start":{"line":64,"column":4},"end":{"line":65,"column":33}},"50":{"start":{"line":65,"column":8},"end":{"line":65,"column":33}},"51":{"start":{"line":66,"column":4},"end":{"line":67,"column":33}},"52":{"start":{"line":67,"column":8},"end":{"line":67,"column":33}},"53":{"start":{"line":68,"column":4},"end":{"line":69,"column":33}},"54":{"start":{"line":69,"column":8},"end":{"line":69,"column":33}},"55":{"start":{"line":70,"column":4},"end":{"line":71,"column":33}},"56":{"start":{"line":71,"column":8},"end":{"line":71,"column":33}},"57":{"start":{"line":72,"column":4},"end":{"line":73,"column":33}},"58":{"start":{"line":73,"column":8},"end":{"line":73,"column":33}},"59":{"start":{"line":74,"column":4},"end":{"line":75,"column":33}},"60":{"start":{"line":75,"column":8},"end":{"line":75,"column":33}},"61":{"start":{"line":76,"column":4},"end":{"line":77,"column":33}},"62":{"start":{"line":77,"column":8},"end":{"line":77,"column":33}},"63":{"start":{"line":78,"column":4},"end":{"line":79,"column":33}},"64":{"start":{"line":79,"column":8},"end":{"line":79,"column":33}},"65":{"start":{"line":80,"column":4},"end":{"line":81,"column":33}},"66":{"start":{"line":81,"column":8},"end":{"line":81,"column":33}},"67":{"start":{"line":82,"column":4},"end":{"line":83,"column":33}},"68":{"start":{"line":83,"column":8},"end":{"line":83,"column":33}},"69":{"start":{"line":84,"column":4},"end":{"line":85,"column":33}},"70":{"start":{"line":85,"column":8},"end":{"line":85,"column":33}},"71":{"start":{"line":86,"column":4},"end":{"line":86,"column":101}}},"fnMap":{"0":{"name":"(anonymous_0)","decl":{"start":{"line":9,"column":29},"end":{"line":9,"column":30}},"loc":{"start":{"line":9,"column":38},"end":{"line":17,"column":1}},"line":9},"1":{"name":"(anonymous_1)","decl":{"start":{"line":19,"column":22},"end":{"line":19,"column":23}},"loc":{"start":{"line":19,"column":33},"end":{"line":24,"column":1}},"line":19},"2":{"name":"(anonymous_2)","decl":{"start":{"line":26,"column":25},"end":{"line":26,"column":26}},"loc":{"start":{"line":26,"column":36},"end":{"line":28,"column":23}},"line":26},"3":{"name":"(anonymous_3)","decl":{"start":{"line":26,"column":36},"end":{"line":26,"column":37}},"loc":{"start":{"line":26,"column":45},"end":{"line":28,"column":23}},"line":26},"4":{"name":"(anonymous_4)","decl":{"start":{"line":29,"column":33},"end":{"line":29,"column":34}},"loc":{"start":{"line":29,"column":44},"end":{"line":29,"column":97}},"line":29},"5":{"name":"(anonymous_5)","decl":{"start":{"line":30,"column":24},"end":{"line":30,"column":25}},"loc":{"start":{"line":30,"column":33},"end":{"line":30,"column":122}},"line":30},"6":{"name":"(anonymous_6)","decl":{"start":{"line":32,"column":27},"end":{"line":32,"column":28}},"loc":{"start":{"line":32,"column":39},"end":{"line":39,"column":1}},"line":32},"7":{"name":"(anonymous_7)","decl":{"start":{"line":32,"column":39},"end":{"line":32,"column":40}},"loc":{"start":{"line":32,"column":50},"end":{"line":39,"column":1}},"line":32},"8":{"name":"(anonymous_8)","decl":{"start":{"line":32,"column":50},"end":{"line":32,"column":51}},"loc":{"start":{"line":32,"column":61},"end":{"line":39,"column":1}},"line":32},"9":{"name":"(anonymous_9)","decl":{"start":{"line":40,"column":32},"end":{"line":40,"column":33}},"loc":{"start":{"line":40,"column":43},"end":{"line":40,"column":105}},"line":40},"10":{"name":"(anonymous_10)","decl":{"start":{"line":41,"column":31},"end":{"line":41,"column":32}},"loc":{"start":{"line":41,"column":42},"end":{"line":41,"column":103}},"line":41},"11":{"name":"(anonymous_11)","decl":{"start":{"line":45,"column":30},"end":{"line":45,"column":31}},"loc":{"start":{"line":45,"column":41},"end":{"line":47,"column":162}},"line":45},"12":{"name":"(anonymous_12)","decl":{"start":{"line":45,"column":41},"end":{"line":45,"column":42}},"loc":{"start":{"line":47,"column":0},"end":{"line":47,"column":162}},"line":47},"13":{"name":"(anonymous_13)","decl":{"start":{"line":51,"column":34},"end":{"line":51,"column":35}},"loc":{"start":{"line":51,"column":50},"end":{"line":56,"column":1}},"line":51},"14":{"name":"(anonymous_14)","decl":{"start":{"line":57,"column":28},"end":{"line":57,"column":29}},"loc":{"start":{"line":57,"column":44},"end":{"line":57,"column":109}},"line":57},"15":{"name":"(anonymous_15)","decl":{"start":{"line":58,"column":22},"end":{"line":58,"column":23}},"loc":{"start":{"line":58,"column":29},"end":{"line":58,"column":36}},"line":58},"16":{"name":"(anonymous_16)","decl":{"start":{"line":60,"column":28},"end":{"line":60,"column":29}},"loc":{"start":{"line":60,"column":37},"end":{"line":87,"column":1}},"line":60}},"branchMap":{"0":{"loc":{"start":{"line":10,"column":4},"end":{"line":12,"column":5}},"type":"if","locations":[{"start":{"line":10,"column":4},"end":{"line":12,"column":5}},{"start":{"line":10,"column":4},"end":{"line":12,"column":5}}],"line":10},"1":{"loc":{"start":{"line":10,"column":8},"end":{"line":10,"column":57}},"type":"binary-expr","locations":[{"start":{"line":10,"column":8},"end":{"line":10,"column":31}},{"start":{"line":10,"column":35},"end":{"line":10,"column":57}}],"line":10},"2":{"loc":{"start":{"line":13,"column":4},"end":{"line":15,"column":5}},"type":"if","locations":[{"start":{"line":13,"column":4},"end":{"line":15,"column":5}},{"start":{"line":13,"column":4},"end":{"line":15,"column":5}}],"line":13},"3":{"loc":{"start":{"line":13,"column":8},"end":{"line":13,"column":52}},"type":"binary-expr","locations":[{"start":{"line":13,"column":8},"end":{"line":13,"column":31}},{"start":{"line":13,"column":35},"end":{"line":13,"column":52}}],"line":13},"4":{"loc":{"start":{"line":20,"column":4},"end":{"line":22,"column":5}},"type":"if","locations":[{"start":{"line":20,"column":4},"end":{"line":22,"column":5}},{"start":{"line":20,"column":4},"end":{"line":22,"column":5}}],"line":20},"5":{"loc":{"start":{"line":20,"column":8},"end":{"line":20,"column":62}},"type":"binary-expr","locations":[{"start":{"line":20,"column":8},"end":{"line":20,"column":33}},{"start":{"line":20,"column":37},"end":{"line":20,"column":62}}],"line":20},"6":{"loc":{"start":{"line":26,"column":45},"end":{"line":28,"column":23}},"type":"cond-expr","locations":[{"start":{"line":27,"column":6},"end":{"line":27,"column":78}},{"start":{"line":28,"column":6},"end":{"line":28,"column":23}}],"line":26},"7":{"loc":{"start":{"line":30,"column":33},"end":{"line":30,"column":122}},"type":"cond-expr","locations":[{"start":{"line":30,"column":47},"end":{"line":30,"column":102}},{"start":{"line":30,"column":105},"end":{"line":30,"column":122}}],"line":30},"8":{"loc":{"start":{"line":52,"column":4},"end":{"line":55,"column":38}},"type":"if","locations":[{"start":{"line":52,"column":4},"end":{"line":55,"column":38}},{"start":{"line":52,"column":4},"end":{"line":55,"column":38}}],"line":52},"9":{"loc":{"start":{"line":57,"column":44},"end":{"line":57,"column":109}},"type":"cond-expr","locations":[{"start":{"line":57,"column":74},"end":{"line":57,"column":90}},{"start":{"line":57,"column":93},"end":{"line":57,"column":109}}],"line":57},"10":{"loc":{"start":{"line":62,"column":4},"end":{"line":63,"column":33}},"type":"if","locations":[{"start":{"line":62,"column":4},"end":{"line":63,"column":33}},{"start":{"line":62,"column":4},"end":{"line":63,"column":33}}],"line":62},"11":{"loc":{"start":{"line":62,"column":8},"end":{"line":62,"column":38}},"type":"binary-expr","locations":[{"start":{"line":62,"column":8},"end":{"line":62,"column":19}},{"start":{"line":62,"column":23},"end":{"line":62,"column":38}}],"line":62},"12":{"loc":{"start":{"line":64,"column":4},"end":{"line":65,"column":33}},"type":"if","locations":[{"start":{"line":64,"column":4},"end":{"line":65,"column":33}},{"start":{"line":64,"column":4},"end":{"line":65,"column":33}}],"line":64},"13":{"loc":{"start":{"line":64,"column":8},"end":{"line":64,"column":39}},"type":"binary-expr","locations":[{"start":{"line":64,"column":8},"end":{"line":64,"column":19}},{"start":{"line":64,"column":23},"end":{"line":64,"column":39}}],"line":64},"14":{"loc":{"start":{"line":66,"column":4},"end":{"line":67,"column":33}},"type":"if","locations":[{"start":{"line":66,"column":4},"end":{"line":67,"column":33}},{"start":{"line":66,"column":4},"end":{"line":67,"column":33}}],"line":66},"15":{"loc":{"start":{"line":66,"column":8},"end":{"line":66,"column":39}},"type":"binary-expr","locations":[{"start":{"line":66,"column":8},"end":{"line":66,"column":20}},{"start":{"line":66,"column":24},"end":{"line":66,"column":39}}],"line":66},"16":{"loc":{"start":{"line":68,"column":4},"end":{"line":69,"column":33}},"type":"if","locations":[{"start":{"line":68,"column":4},"end":{"line":69,"column":33}},{"start":{"line":68,"column":4},"end":{"line":69,"column":33}}],"line":68},"17":{"loc":{"start":{"line":68,"column":8},"end":{"line":68,"column":40}},"type":"binary-expr","locations":[{"start":{"line":68,"column":8},"end":{"line":68,"column":20}},{"start":{"line":68,"column":24},"end":{"line":68,"column":40}}],"line":68},"18":{"loc":{"start":{"line":70,"column":4},"end":{"line":71,"column":33}},"type":"if","locations":[{"start":{"line":70,"column":4},"end":{"line":71,"column":33}},{"start":{"line":70,"column":4},"end":{"line":71,"column":33}}],"line":70},"19":{"loc":{"start":{"line":70,"column":8},"end":{"line":70,"column":39}},"type":"binary-expr","locations":[{"start":{"line":70,"column":8},"end":{"line":70,"column":20}},{"start":{"line":70,"column":24},"end":{"line":70,"column":39}}],"line":70},"20":{"loc":{"start":{"line":72,"column":4},"end":{"line":73,"column":33}},"type":"if","locations":[{"start":{"line":72,"column":4},"end":{"line":73,"column":33}},{"start":{"line":72,"column":4},"end":{"line":73,"column":33}}],"line":72},"21":{"loc":{"start":{"line":72,"column":8},"end":{"line":72,"column":40}},"type":"binary-expr","locations":[{"start":{"line":72,"column":8},"end":{"line":72,"column":20}},{"start":{"line":72,"column":24},"end":{"line":72,"column":40}}],"line":72},"22":{"loc":{"start":{"line":74,"column":4},"end":{"line":75,"column":33}},"type":"if","locations":[{"start":{"line":74,"column":4},"end":{"line":75,"column":33}},{"start":{"line":74,"column":4},"end":{"line":75,"column":33}}],"line":74},"23":{"loc":{"start":{"line":74,"column":8},"end":{"line":74,"column":39}},"type":"binary-expr","locations":[{"start":{"line":74,"column":8},"end":{"line":74,"column":20}},{"start":{"line":74,"column":24},"end":{"line":74,"column":39}}],"line":74},"24":{"loc":{"start":{"line":76,"column":4},"end":{"line":77,"column":33}},"type":"if","locations":[{"start":{"line":76,"column":4},"end":{"line":77,"column":33}},{"start":{"line":76,"column":4},"end":{"line":77,"column":33}}],"line":76},"25":{"loc":{"start":{"line":76,"column":8},"end":{"line":76,"column":40}},"type":"binary-expr","locations":[{"start":{"line":76,"column":8},"end":{"line":76,"column":20}},{"start":{"line":76,"column":24},"end":{"line":76,"column":40}}],"line":76},"26":{"loc":{"start":{"line":78,"column":4},"end":{"line":79,"column":33}},"type":"if","locations":[{"start":{"line":78,"column":4},"end":{"line":79,"column":33}},{"start":{"line":78,"column":4},"end":{"line":79,"column":33}}],"line":78},"27":{"loc":{"start":{"line":78,"column":8},"end":{"line":78,"column":40}},"type":"binary-expr","locations":[{"start":{"line":78,"column":8},"end":{"line":78,"column":21}},{"start":{"line":78,"column":25},"end":{"line":78,"column":40}}],"line":78},"28":{"loc":{"start":{"line":80,"column":4},"end":{"line":81,"column":33}},"type":"if","locations":[{"start":{"line":80,"column":4},"end":{"line":81,"column":33}},{"start":{"line":80,"column":4},"end":{"line":81,"column":33}}],"line":80},"29":{"loc":{"start":{"line":80,"column":8},"end":{"line":80,"column":41}},"type":"binary-expr","locations":[{"start":{"line":80,"column":8},"end":{"line":80,"column":21}},{"start":{"line":80,"column":25},"end":{"line":80,"column":41}}],"line":80},"30":{"loc":{"start":{"line":82,"column":4},"end":{"line":83,"column":33}},"type":"if","locations":[{"start":{"line":82,"column":4},"end":{"line":83,"column":33}},{"start":{"line":82,"column":4},"end":{"line":83,"column":33}}],"line":82},"31":{"loc":{"start":{"line":82,"column":8},"end":{"line":82,"column":40}},"type":"binary-expr","locations":[{"start":{"line":82,"column":8},"end":{"line":82,"column":21}},{"start":{"line":82,"column":25},"end":{"line":82,"column":40}}],"line":82},"32":{"loc":{"start":{"line":84,"column":4},"end":{"line":85,"column":33}},"type":"if","locations":[{"start":{"line":84,"column":4},"end":{"line":85,"column":33}},{"start":{"line":84,"column":4},"end":{"line":85,"column":33}}],"line":84},"33":{"loc":{"start":{"line":84,"column":8},"end":{"line":84,"column":41}},"type":"binary-expr","locations":[{"start":{"line":84,"column":8},"end":{"line":84,"column":21}},{"start":{"line":84,"column":25},"end":{"line":84,"column":41}}],"line":84}},"s":{"0":1,"1":1,"2":1,"3":1,"4":1,"5":6,"6":1,"7":5,"8":1,"9":4,"10":1,"11":1,"12":4,"13":2,"14":2,"15":1,"16":1,"17":104,"18":104,"19":1,"20":0,"21":1,"22":3,"23":1,"24":1,"25":2,"26":24,"27":24,"28":24,"29":1,"30":0,"31":1,"32":0,"33":1,"34":0,"35":0,"36":1,"37":0,"38":0,"39":0,"40":1,"41":0,"42":1,"43":0,"44":1,"45":1,"46":24,"47":24,"48":1,"49":23,"50":1,"51":22,"52":1,"53":21,"54":1,"55":20,"56":1,"57":19,"58":1,"59":18,"60":1,"61":17,"62":1,"63":16,"64":1,"65":15,"66":1,"67":14,"68":1,"69":13,"70":1,"71":12},"f":{"0":6,"1":4,"2":104,"3":104,"4":0,"5":3,"6":2,"7":24,"8":24,"9":0,"10":0,"11":0,"12":0,"13":0,"14":0,"15":0,"16":24},"b":{"0":[1,5],"1":[6,2],"2":[1,4],"3":[5,2],"4":[2,2],"5":[4,3],"6":[52,52],"7":[1,2],"8":[0,0],"9":[0,0],"10":[1,23],"11":[24,2],"12":[1,22],"13":[23,1],"14":[1,21],"15":[22,2],"16":[1,20],"17":[21,1],"18":[1,19],"19":[20,2],"20":[1,18],"21":[19,1],"22":[1,17],"23":[18,2],"24":[1,16],"25":[17,1],"26":[1,15],"27":[16,2],"28":[1,14],"29":[15,1],"30":[1,13],"31":[14,2],"32":[1,12],"33":[13,1]},"_coverageSchema":"43e27e138ebf9cfc5966b082cf9a028302ed4184","hash":"c84b223dcbc5451dc60d0f0aacd4a93303d6bea8"}
,"/Users/jonathanlorimer/Documents/coding_files/safeword-ts/src/lib/types.js": {"path":"/Users/jonathanlorimer/Documents/coding_files/safeword-ts/src/lib/types.js","statementMap":{"0":{"start":{"line":2,"column":0},"end":{"line":2,"column":62}},"1":{"start":{"line":3,"column":0},"end":{"line":6,"column":3}},"2":{"start":{"line":3,"column":33},"end":{"line":6,"column":1}},"3":{"start":{"line":7,"column":0},"end":{"line":10,"column":3}},"4":{"start":{"line":7,"column":27},"end":{"line":10,"column":1}},"5":{"start":{"line":11,"column":0},"end":{"line":11,"column":93}},"6":{"start":{"line":11,"column":33},"end":{"line":11,"column":92}},"7":{"start":{"line":11,"column":44},"end":{"line":11,"column":92}},"8":{"start":{"line":12,"column":0},"end":{"line":12,"column":107}},"9":{"start":{"line":12,"column":33},"end":{"line":12,"column":106}},"10":{"start":{"line":12,"column":44},"end":{"line":12,"column":106}}},"fnMap":{"0":{"name":"(anonymous_0)","decl":{"start":{"line":3,"column":21},"end":{"line":3,"column":22}},"loc":{"start":{"line":3,"column":33},"end":{"line":6,"column":1}},"line":3},"1":{"name":"(anonymous_1)","decl":{"start":{"line":7,"column":15},"end":{"line":7,"column":16}},"loc":{"start":{"line":7,"column":27},"end":{"line":10,"column":1}},"line":7},"2":{"name":"(anonymous_2)","decl":{"start":{"line":11,"column":25},"end":{"line":11,"column":26}},"loc":{"start":{"line":11,"column":33},"end":{"line":11,"column":92}},"line":11},"3":{"name":"(anonymous_3)","decl":{"start":{"line":11,"column":33},"end":{"line":11,"column":34}},"loc":{"start":{"line":11,"column":44},"end":{"line":11,"column":92}},"line":11},"4":{"name":"(anonymous_4)","decl":{"start":{"line":12,"column":25},"end":{"line":12,"column":26}},"loc":{"start":{"line":12,"column":33},"end":{"line":12,"column":106}},"line":12},"5":{"name":"(anonymous_5)","decl":{"start":{"line":12,"column":33},"end":{"line":12,"column":34}},"loc":{"start":{"line":12,"column":44},"end":{"line":12,"column":106}},"line":12}},"branchMap":{"0":{"loc":{"start":{"line":11,"column":44},"end":{"line":11,"column":92}},"type":"cond-expr","locations":[{"start":{"line":11,"column":69},"end":{"line":11,"column":74}},{"start":{"line":11,"column":77},"end":{"line":11,"column":92}}],"line":11},"1":{"loc":{"start":{"line":12,"column":44},"end":{"line":12,"column":106}},"type":"cond-expr","locations":[{"start":{"line":12,"column":69},"end":{"line":12,"column":74}},{"start":{"line":12,"column":77},"end":{"line":12,"column":106}}],"line":12}},"s":{"0":1,"1":1,"2":134,"3":1,"4":140,"5":1,"6":2,"7":0,"8":1,"9":2,"10":0},"f":{"0":134,"1":140,"2":2,"3":0,"4":2,"5":0},"b":{"0":[0,0],"1":[0,0]},"_coverageSchema":"43e27e138ebf9cfc5966b082cf9a028302ed4184","hash":"a9588c3c41872cbb621b8d591c13c1639ef82643"}
}
