TN:
SF:/Users/jonathanlorimer/Documents/coding_files/safeword-ts/src/lib/error.js
FN:4,(anonymous_0)
FN:10,(anonymous_1)
FN:16,(anonymous_2)
FN:22,(anonymous_3)
FN:28,(anonymous_4)
FN:34,(anonymous_5)
FN:40,(anonymous_6)
FN:46,(anonymous_7)
FN:52,(anonymous_8)
FNF:9
FNH:4
FNDA:0,(anonymous_0)
FNDA:104,(anonymous_1)
FNDA:2,(anonymous_2)
FNDA:0,(anonymous_3)
FNDA:0,(anonymous_4)
FNDA:0,(anonymous_5)
FNDA:4,(anonymous_6)
FNDA:0,(anonymous_7)
FNDA:24,(anonymous_8)
DA:2,1
DA:5,0
DA:8,1
DA:11,104
DA:14,1
DA:17,2
DA:20,1
DA:23,0
DA:26,1
DA:29,0
DA:32,1
DA:35,0
DA:38,1
DA:41,4
DA:44,1
DA:47,0
DA:50,1
DA:53,24
DA:56,1
LF:19
LH:14
BRF:0
BRH:0
end_of_record
TN:
SF:/Users/jonathanlorimer/Documents/coding_files/safeword-ts/src/lib/helpers.js
FN:9,(anonymous_0)
FN:19,(anonymous_1)
FN:26,(anonymous_2)
FN:26,(anonymous_3)
FN:29,(anonymous_4)
FN:30,(anonymous_5)
FN:32,(anonymous_6)
FN:32,(anonymous_7)
FN:32,(anonymous_8)
FN:40,(anonymous_9)
FN:41,(anonymous_10)
FN:45,(anonymous_11)
FN:45,(anonymous_12)
FN:51,(anonymous_13)
FN:57,(anonymous_14)
FN:58,(anonymous_15)
FN:60,(anonymous_16)
FNF:17
FNH:9
FNDA:6,(anonymous_0)
FNDA:4,(anonymous_1)
FNDA:104,(anonymous_2)
FNDA:104,(anonymous_3)
FNDA:0,(anonymous_4)
FNDA:3,(anonymous_5)
FNDA:2,(anonymous_6)
FNDA:24,(anonymous_7)
FNDA:24,(anonymous_8)
FNDA:0,(anonymous_9)
FNDA:0,(anonymous_10)
FNDA:0,(anonymous_11)
FNDA:0,(anonymous_12)
FNDA:0,(anonymous_13)
FNDA:0,(anonymous_14)
FNDA:0,(anonymous_15)
FNDA:24,(anonymous_16)
DA:2,1
DA:3,1
DA:4,1
DA:5,1
DA:9,1
DA:10,6
DA:11,1
DA:13,5
DA:14,1
DA:16,4
DA:18,1
DA:19,1
DA:20,4
DA:21,2
DA:23,2
DA:25,1
DA:26,104
DA:29,1
DA:30,3
DA:31,1
DA:32,24
DA:33,24
DA:38,24
DA:40,1
DA:41,1
DA:45,1
DA:47,0
DA:51,1
DA:52,0
DA:53,0
DA:55,0
DA:57,1
DA:58,1
DA:59,1
DA:60,1
DA:61,24
DA:62,24
DA:63,1
DA:64,23
DA:65,1
DA:66,22
DA:67,1
DA:68,21
DA:69,1
DA:70,20
DA:71,1
DA:72,19
DA:73,1
DA:74,18
DA:75,1
DA:76,17
DA:77,1
DA:78,16
DA:79,1
DA:80,15
DA:81,1
DA:82,14
DA:83,1
DA:84,13
DA:85,1
DA:86,12
LF:61
LH:57
BRDA:10,0,0,1
BRDA:10,0,1,5
BRDA:10,1,0,6
BRDA:10,1,1,2
BRDA:13,2,0,1
BRDA:13,2,1,4
BRDA:13,3,0,5
BRDA:13,3,1,2
BRDA:20,4,0,2
BRDA:20,4,1,2
BRDA:20,5,0,4
BRDA:20,5,1,3
BRDA:26,6,0,52
BRDA:26,6,1,52
BRDA:30,7,0,1
BRDA:30,7,1,2
BRDA:52,8,0,0
BRDA:52,8,1,0
BRDA:57,9,0,0
BRDA:57,9,1,0
BRDA:62,10,0,1
BRDA:62,10,1,23
BRDA:62,11,0,24
BRDA:62,11,1,2
BRDA:64,12,0,1
BRDA:64,12,1,22
BRDA:64,13,0,23
BRDA:64,13,1,1
BRDA:66,14,0,1
BRDA:66,14,1,21
BRDA:66,15,0,22
BRDA:66,15,1,2
BRDA:68,16,0,1
BRDA:68,16,1,20
BRDA:68,17,0,21
BRDA:68,17,1,1
BRDA:70,18,0,1
BRDA:70,18,1,19
BRDA:70,19,0,20
BRDA:70,19,1,2
BRDA:72,20,0,1
BRDA:72,20,1,18
BRDA:72,21,0,19
BRDA:72,21,1,1
BRDA:74,22,0,1
BRDA:74,22,1,17
BRDA:74,23,0,18
BRDA:74,23,1,2
BRDA:76,24,0,1
BRDA:76,24,1,16
BRDA:76,25,0,17
BRDA:76,25,1,1
BRDA:78,26,0,1
BRDA:78,26,1,15
BRDA:78,27,0,16
BRDA:78,27,1,2
BRDA:80,28,0,1
BRDA:80,28,1,14
BRDA:80,29,0,15
BRDA:80,29,1,1
BRDA:82,30,0,1
BRDA:82,30,1,13
BRDA:82,31,0,14
BRDA:82,31,1,2
BRDA:84,32,0,1
BRDA:84,32,1,12
BRDA:84,33,0,13
BRDA:84,33,1,1
BRF:68
BRH:64
end_of_record
TN:
SF:/Users/jonathanlorimer/Documents/coding_files/safeword-ts/src/lib/types.js
FN:3,(anonymous_0)
FN:7,(anonymous_1)
FN:11,(anonymous_2)
FN:11,(anonymous_3)
FN:12,(anonymous_4)
FN:12,(anonymous_5)
FNF:6
FNH:4
FNDA:134,(anonymous_0)
FNDA:140,(anonymous_1)
FNDA:2,(anonymous_2)
FNDA:0,(anonymous_3)
FNDA:2,(anonymous_4)
FNDA:0,(anonymous_5)
DA:2,1
DA:3,134
DA:7,140
DA:11,2
DA:12,2
LF:5
LH:5
BRDA:11,0,0,0
BRDA:11,0,1,0
BRDA:12,1,0,0
BRDA:12,1,1,0
BRF:4
BRH:0
end_of_record
